<?xml version="1.0" encoding="UTF-8"?>
<!-- Generated by org.testng.reporters.JUnitReportReporter -->
<testsuite skipped="0" hostname="INPF18PMQP" name="list_Concepts1.Framespractice" tests="1" failures="0" timestamp="09 Jul 2019 08:09:10 GMT" time="44.311" errors="0">
  <testcase name="frametest" time="44.311" classname="list_Concepts1.Framespractice"/>
</testsuite> <!-- list_Concepts1.Framespractice -->
