<?xml version="1.0" encoding="UTF-8"?>
<!-- Generated by org.testng.reporters.JUnitReportReporter -->
<testsuite skipped="0" hostname="INPF18PMQP" name="list_Concepts1.windowtab" tests="1" failures="0" timestamp="10 Jul 2019 15:48:12 GMT" time="106.664" errors="0">
  <testcase name="dynamictab" time="106.664" classname="list_Concepts1.windowtab"/>
</testsuite> <!-- list_Concepts1.windowtab -->
