<?xml version="1.0" encoding="UTF-8"?>
<!-- Generated by org.testng.reporters.JUnitReportReporter -->
<testsuite skipped="0" hostname="INPF18PMQP" name="com.zohocrm.qa.testcases.HomePageTest" tests="3" failures="0" timestamp="11 Jun 2019 10:42:29 GMT" time="107.230" errors="0">
  <testcase name="clickonContactslinkTest" time="53.673" classname="com.zohocrm.qa.testcases.HomePageTest"/>
  <testcase name="verifyusernamelabelTest" time="27.185" classname="com.zohocrm.qa.testcases.HomePageTest"/>
  <testcase name="verifyHomepagetitleTest" time="26.372" classname="com.zohocrm.qa.testcases.HomePageTest"/>
</testsuite> <!-- com.zohocrm.qa.testcases.HomePageTest -->
